TN:test_bin
SF:/mnt/c/Users/dmitr/Desktop/REPOs/s21_math/src/tests/test_ceil.c
FN:3,TEST_CEIL_1_fn
FNDA:8,TEST_CEIL_1_fn
FN:13,TEST_CEIL_2_fn
FNDA:8,TEST_CEIL_2_fn
FN:23,TEST_CEIL_3_fn
FNDA:8,TEST_CEIL_3_fn
FN:33,TEST_CEIL_4_fn
FNDA:8,TEST_CEIL_4_fn
FN:43,TEST_CEIL_5_fn
FNDA:8,TEST_CEIL_5_fn
FN:53,TEST_CEIL_6_fn
FNDA:8,TEST_CEIL_6_fn
FN:63,TEST_CEIL_7_fn
FNDA:8,TEST_CEIL_7_fn
FN:73,TEST_CEIL_8_fn
FNDA:8,TEST_CEIL_8_fn
FN:83,TEST_CEIL_9_fn
FNDA:8,TEST_CEIL_9_fn
FN:93,TEST_CEIL_10_fn
FNDA:8,TEST_CEIL_10_fn
FN:103,TEST_CEIL_11_fn
FNDA:8,TEST_CEIL_11_fn
FN:111,TEST_CEIL_12_fn
FNDA:8,TEST_CEIL_12_fn
FN:119,TEST_CEIL_13_fn
FNDA:8,TEST_CEIL_13_fn
FN:129,TEST_CEIL_14_fn
FNDA:8,TEST_CEIL_14_fn
FN:139,TEST_CEIL_15_fn
FNDA:8,TEST_CEIL_15_fn
FN:149,TEST_CEIL_16_fn
FNDA:8,TEST_CEIL_16_fn
FN:159,TEST_CEIL_17_fn
FNDA:8,TEST_CEIL_17_fn
FN:169,TEST_CEIL_18_fn
FNDA:8,TEST_CEIL_18_fn
FN:179,TEST_CEIL_19_fn
FNDA:8,TEST_CEIL_19_fn
FN:189,TEST_CEIL_20_fn
FNDA:8,TEST_CEIL_20_fn
FN:199,TEST_CEIL_21_fn
FNDA:8,TEST_CEIL_21_fn
FN:209,ceil_suite
FNDA:592,ceil_suite
DA:3,8
DA:4,8
DA:5,8
DA:6,8
DA:7,8
DA:8,8
DA:9,8
DA:10,8
DA:13,8
DA:14,8
DA:15,8
DA:16,8
DA:17,8
DA:18,8
DA:19,8
DA:20,8
DA:23,8
DA:24,8
DA:25,8
DA:26,8
DA:27,8
DA:28,8
DA:29,8
DA:30,8
DA:33,8
DA:34,8
DA:35,8
DA:36,8
DA:37,8
DA:38,8
DA:39,8
DA:40,8
DA:43,8
DA:44,8
DA:45,8
DA:46,8
DA:47,8
DA:48,8
DA:49,8
DA:50,8
DA:53,8
DA:54,8
DA:55,8
DA:56,8
DA:57,8
DA:58,8
DA:59,8
DA:60,8
DA:63,8
DA:64,8
DA:65,8
DA:66,8
DA:67,8
DA:68,8
DA:69,8
DA:70,8
DA:73,8
DA:74,8
DA:75,8
DA:76,8
DA:77,8
DA:78,8
DA:79,8
DA:80,8
DA:83,8
DA:84,8
DA:85,8
DA:86,8
DA:87,8
DA:88,8
DA:89,8
DA:90,8
DA:93,8
DA:94,8
DA:95,8
DA:96,8
DA:97,8
DA:98,8
DA:99,8
DA:100,8
DA:103,8
DA:104,8
DA:105,8
DA:106,8
DA:107,8
DA:108,8
DA:111,8
DA:112,8
DA:113,8
DA:114,8
DA:115,8
DA:116,8
DA:119,8
DA:120,8
DA:121,8
DA:122,8
DA:123,8
DA:124,8
DA:125,8
DA:126,8
DA:129,8
DA:130,8
DA:131,8
DA:132,8
DA:133,8
DA:134,8
DA:135,8
DA:136,8
DA:139,8
DA:140,8
DA:141,8
DA:142,8
DA:143,8
DA:144,8
DA:145,8
DA:146,8
DA:149,8
DA:150,8
DA:151,8
DA:152,8
DA:153,8
DA:154,8
DA:155,8
DA:156,8
DA:159,8
DA:160,8
DA:161,8
DA:162,8
DA:163,8
DA:164,8
DA:165,8
DA:166,8
DA:169,8
DA:170,8
DA:171,8
DA:172,8
DA:173,8
DA:174,8
DA:175,8
DA:176,8
DA:179,8
DA:180,8
DA:181,8
DA:182,8
DA:183,8
DA:184,8
DA:185,8
DA:186,8
DA:189,8
DA:190,8
DA:191,8
DA:192,8
DA:193,8
DA:194,8
DA:195,8
DA:196,8
DA:199,8
DA:200,8
DA:201,8
DA:202,8
DA:203,8
DA:204,8
DA:205,8
DA:206,8
DA:209,592
DA:210,592
DA:213,592
DA:214,592
DA:215,592
DA:216,592
DA:217,592
DA:218,592
DA:219,592
DA:220,592
DA:221,592
DA:222,592
DA:223,592
DA:224,592
DA:225,592
DA:226,592
DA:227,592
DA:228,592
DA:229,592
DA:230,592
DA:231,592
DA:232,592
DA:233,592
DA:234,592
DA:235,592
DA:236,592
end_of_record
TN:test_bin
SF:/mnt/c/Users/dmitr/Desktop/REPOs/s21_math/src/tests/test_main.c
FN:6,assert_args
FNDA:32,assert_args
FN:14,s21_ceil_f_fn
FNDA:8,s21_ceil_f_fn
FN:20,s21_floor_f_fn
FNDA:8,s21_floor_f_fn
FN:26,assert_trigonometry
FNDA:24,assert_trigonometry
FN:36,assert_trigonometry_arc
FNDA:24,assert_trigonometry_arc
FN:43,s21_tan_f_fn
FNDA:8,s21_tan_f_fn
FN:46,s21_cos_f_fn
FNDA:8,s21_cos_f_fn
FN:49,s21_sin_f_fn
FNDA:8,s21_sin_f_fn
FN:52,s21_atan_f_fn
FNDA:8,s21_atan_f_fn
FN:55,s21_acos_f_fn
FNDA:8,s21_acos_f_fn
FN:58,s21_asin_f_fn
FNDA:8,s21_asin_f_fn
FN:61,s21_fmod_f_fn
FNDA:8,s21_fmod_f_fn
FN:71,S21_Exp_f_fn
FNDA:8,S21_Exp_f_fn
FN:83,s21_log_f_fn
FNDA:8,s21_log_f_fn
FN:95,s21_sqrt_f_fn
FNDA:8,s21_sqrt_f_fn
FN:111,s21_fabs_f_fn
FNDA:8,s21_fabs_f_fn
FN:120,s21_abs_f_fn
FNDA:8,s21_abs_f_fn
FN:128,main_suite
FNDA:592,main_suite
FN:206,main
FNDA:592,main
DA:6,32
DA:9,168
DA:10,136
DA:12,32
DA:14,8
DA:15,8
DA:16,8
DA:17,8
DA:20,8
DA:21,8
DA:22,8
DA:23,8
DA:26,24
DA:28,2424
DA:29,2400
DA:31,48
DA:32,24
DA:34,24
DA:36,24
DA:38,4824
DA:39,4800
DA:41,24
DA:43,8
DA:46,8
DA:49,8
DA:52,8
DA:55,8
DA:58,8
DA:61,8
DA:62,8
DA:64,8
DA:66,8
DA:68,8
DA:71,8
DA:72,8
DA:73,8
DA:74,8
DA:77,168
DA:78,160
DA:80,8
DA:83,8
DA:84,8
DA:85,8
DA:86,808
DA:87,800
DA:89,1528
DA:90,1520
DA:92,8
DA:95,8
DA:96,8
DA:98,8
DA:100,80008
DA:101,80000
DA:103,8008
DA:104,8000
DA:107,8
DA:108,8
DA:111,8
DA:112,8
DA:114,8
DA:116,8
DA:117,8
DA:120,8
DA:121,8
DA:122,48
DA:123,40
DA:125,8
DA:128,592
DA:130,592
DA:147,592
DA:148,592
DA:149,592
DA:151,592
DA:152,592
DA:153,592
DA:155,592
DA:156,592
DA:157,592
DA:159,592
DA:160,592
DA:161,592
DA:163,592
DA:164,592
DA:165,592
DA:167,592
DA:168,592
DA:169,592
DA:171,592
DA:172,592
DA:173,592
DA:175,592
DA:176,592
DA:177,592
DA:179,592
DA:180,592
DA:181,592
DA:183,592
DA:184,592
DA:185,592
DA:187,592
DA:188,592
DA:189,592
DA:191,592
DA:192,592
DA:193,592
DA:195,592
DA:196,592
DA:197,592
DA:199,592
DA:200,592
DA:201,592
DA:203,592
DA:206,592
DA:207,592
DA:210,592
DA:211,592
DA:212,592
DA:215,592
DA:216,8
DA:217,8
DA:218,8
end_of_record
SF:/mnt/c/Users/dmitr/Desktop/REPOs/s21_math/src/tests/tests.h
FN:26,ASSERT
FNDA:97880,ASSERT
DA:26,97880
DA:28,97880
DA:29,97880
DA:30,97880
DA:31,97880
DA:33,97880
end_of_record
TN:test_bin
SF:/mnt/c/Users/dmitr/Desktop/REPOs/s21_math/src/tests/test_pow.c
FN:11,ASSERT_POW_F
FNDA:152,ASSERT_POW_F
FN:21,s21_pow_f_fn
FNDA:8,s21_pow_f_fn
FN:47,zero_zero_fn
FNDA:8,zero_zero_fn
FN:48,one__zero_fn
FNDA:8,one__zero_fn
FN:54,zero_nan_fn
FNDA:8,zero_nan_fn
FN:55,zero_nnan_fn
FNDA:8,zero_nnan_fn
FN:56,zero_inf_fn
FNDA:8,zero_inf_fn
FN:57,zero_ninf_returns_inf_fn
FNDA:8,zero_ninf_returns_inf_fn
FN:58,minus_one__inf_fn
FNDA:8,minus_one__inf_fn
FN:59,minus_one__ninf_fn
FNDA:8,minus_one__ninf_fn
FN:60,minus_one__nan_fn
FNDA:8,minus_one__nan_fn
FN:61,minus_one__nnan_fn
FNDA:8,minus_one__nnan_fn
FN:62,one__inf_fn
FNDA:8,one__inf_fn
FN:67,one__ninf_fn
FNDA:8,one__ninf_fn
FN:68,one__nan_fn
FNDA:8,one__nan_fn
FN:73,one__nnan_fn
FNDA:8,one__nnan_fn
FN:78,nan__zero_fn
FNDA:8,nan__zero_fn
FN:79,nnan__zero_fn
FNDA:8,nnan__zero_fn
FN:80,inf__zero_fn
FNDA:8,inf__zero_fn
FN:85,ninf__zero_fn
FNDA:8,ninf__zero_fn
FN:90,less_one__inf_fn
FNDA:8,less_one__inf_fn
FN:91,less_one__ninf_fn
FNDA:16,less_one__ninf_fn
FN:93,all_neg_fn
FNDA:8,all_neg_fn
FN:94,zero_exp_neg_fn
FNDA:8,zero_exp_neg_fn
FN:95,neg_zero_exp_neg_fn
FNDA:8,neg_zero_exp_neg_fn
FN:96,neg_zero_inf_fn
FNDA:8,neg_zero_inf_fn
FN:101,zero_neg_nan_fn
FNDA:8,zero_neg_nan_fn
FN:102,zero_neg_nnan_fn
FNDA:8,zero_neg_nnan_fn
FN:104,less_than_one_minus_inf_fn
FNDA:8,less_than_one_minus_inf_fn
FN:112,base_gt_one_minus_inf_fn
FNDA:8,base_gt_one_minus_inf_fn
FN:119,base_less_one_plus_inf_fn
FNDA:8,base_less_one_plus_inf_fn
FN:126,gt_one_plus_inf_fn
FNDA:8,gt_one_plus_inf_fn
FN:133,minus_inf_neg_odd_fn
FNDA:8,minus_inf_neg_odd_fn
FN:140,minus_inf_neg_int_even_fn
FNDA:8,minus_inf_neg_int_even_fn
FN:147,m_inf_positive_odd_fn
FNDA:8,m_inf_positive_odd_fn
FN:154,m_inf_positive_even_fn
FNDA:8,m_inf_positive_even_fn
FN:162,inf_neg_fn
FNDA:8,inf_neg_fn
FN:169,inf_pos_fn
FNDA:8,inf_pos_fn
FN:177,pow_suite
FNDA:592,pow_suite
DA:11,152
DA:13,152
DA:14,152
DA:15,152
DA:16,152
DA:17,0
DA:19,152
DA:21,8
DA:22,8
DA:23,8
DA:24,8
DA:25,8
DA:26,8
DA:27,8
DA:28,8
DA:29,8
DA:30,8
DA:31,8
DA:32,8
DA:34,8
DA:35,8
DA:36,8
DA:37,8
DA:47,8
DA:48,8
DA:49,8
DA:50,8
DA:51,8
DA:52,8
DA:54,8
DA:55,8
DA:56,8
DA:57,8
DA:58,8
DA:59,8
DA:60,8
DA:61,8
DA:62,8
DA:63,8
DA:64,8
DA:65,8
DA:66,8
DA:67,8
DA:68,8
DA:69,8
DA:70,8
DA:71,8
DA:72,8
DA:73,8
DA:74,8
DA:75,8
DA:76,8
DA:77,8
DA:78,8
DA:79,8
DA:80,8
DA:81,8
DA:82,8
DA:83,8
DA:84,8
DA:85,8
DA:86,8
DA:87,8
DA:88,8
DA:89,8
DA:90,8
DA:91,16
DA:93,8
DA:94,8
DA:95,8
DA:96,8
DA:97,8
DA:98,8
DA:99,8
DA:100,8
DA:101,8
DA:102,8
DA:104,8
DA:105,8
DA:106,8
DA:107,8
DA:108,8
DA:109,8
DA:112,8
DA:113,8
DA:114,8
DA:115,8
DA:116,8
DA:119,8
DA:120,8
DA:121,8
DA:122,8
DA:123,8
DA:126,8
DA:127,8
DA:128,8
DA:129,8
DA:130,8
DA:133,8
DA:134,8
DA:135,8
DA:136,8
DA:137,8
DA:140,8
DA:141,8
DA:142,8
DA:143,8
DA:144,8
DA:147,8
DA:148,8
DA:149,8
DA:150,8
DA:151,8
DA:154,8
DA:155,8
DA:156,8
DA:157,8
DA:158,8
DA:159,8
DA:162,8
DA:163,8
DA:164,8
DA:165,8
DA:166,8
DA:169,8
DA:170,8
DA:171,8
DA:172,8
DA:173,8
DA:174,8
DA:177,592
DA:181,592
DA:182,592
DA:184,592
DA:185,592
DA:186,592
DA:187,592
DA:188,592
DA:189,592
DA:190,592
DA:191,592
DA:192,592
DA:194,592
DA:195,592
DA:196,592
DA:197,592
DA:198,592
DA:199,592
DA:200,592
DA:201,592
DA:202,592
DA:203,592
DA:204,592
DA:205,592
DA:206,592
DA:207,592
DA:208,592
DA:209,592
DA:210,592
DA:211,592
DA:212,592
DA:213,592
DA:214,592
DA:215,592
DA:216,592
DA:217,592
DA:218,592
DA:219,592
DA:220,592
DA:221,592
DA:222,592
DA:224,592
DA:225,592
end_of_record
