TN:gcov_test
SF:/mnt/c/Users/19383035/Desktop/REPOs/s21_math/src/s21_math.c
FN:5,s21_abs
FNDA:5,s21_abs
FN:10,s21_fabs
FNDA:57908,s21_fabs
FN:16,reader
FNDA:707,reader
FN:23,s21_sin
FNDA:404,s21_sin
FN:35,s21_cos
FNDA:202,s21_cos
FN:40,s21_tan
FNDA:101,s21_tan
FN:45,s21_asin
FNDA:400,s21_asin
FN:65,s21_acos
FNDA:200,s21_acos
FN:74,s21_atan
FNDA:200,s21_atan
FN:85,checker
FNDA:199,checker
FN:95,s21_ceil
FNDA:5,s21_ceil
FN:107,s21_floor
FNDA:5,s21_floor
FN:119,s21_exp
FNDA:23,s21_exp
FN:148,s21_fmod
FNDA:3,s21_fmod
FN:160,s21_log
FNDA:292,s21_log
FN:182,s21_pow
FNDA:0,s21_pow
FN:202,s21_sqrt
FNDA:0,s21_sqrt
DA:5,5
DA:6,5
DA:7,2
DA:8,5
DA:10,57908
DA:11,57908
DA:12,23983
DA:13,57908
DA:16,707
DA:17,3153
DA:18,2446
DA:20,707
DA:23,404
DA:24,404
DA:25,404
DA:26,404
DA:27,4718
DA:28,4314
DA:29,4314
DA:30,4314
DA:32,404
DA:35,202
DA:36,202
DA:37,202
DA:40,101
DA:41,101
DA:42,101
DA:45,400
DA:46,400
DA:47,400
DA:48,27862
DA:49,27464
DA:50,0
DA:51,0
DA:53,27464
DA:54,2
DA:55,2
DA:57,27462
DA:58,27462
DA:59,27462
DA:60,27462
DA:62,400
DA:65,200
DA:66,200
DA:67,200
DA:69,0
DA:71,200
DA:74,200
DA:75,200
DA:76,200
DA:77,400
DA:78,399
DA:79,199
DA:80,400
DA:81,200
DA:82,200
DA:85,199
DA:86,199
DA:87,15390
DA:88,15191
DA:89,15191
DA:90,15191
DA:92,199
DA:95,5
DA:96,5
DA:97,0
DA:99,5
DA:100,5
DA:101,5
DA:102,3
DA:104,2
DA:107,5
DA:108,5
DA:109,0
DA:111,5
DA:112,5
DA:113,5
DA:114,4
DA:116,1
DA:119,23
DA:127,23
DA:128,23
DA:129,23
DA:130,23
DA:131,12
DA:132,12
DA:134,859
DA:135,837
DA:136,837
DA:137,837
DA:138,837
DA:139,1
DA:140,1
DA:143,23
DA:144,23
DA:148,3
DA:149,3
DA:150,3
DA:151,3
DA:152,9076
DA:153,9073
DA:154,9073
DA:156,3
DA:160,292
DA:161,292
DA:163,292
DA:164,0
DA:165,292
DA:166,0
DA:169,401
DA:170,327
DA:171,292
DA:172,3566
DA:173,292
DA:175,292
DA:182,0
DA:184,0
DA:186,0
DA:188,0
DA:189,0
DA:190,0
DA:192,0
DA:193,0
DA:194,0
DA:197,0
DA:198,0
DA:202,0
DA:203,0
DA:204,0
DA:205,0
DA:206,0
DA:207,0
DA:209,0
DA:210,0
DA:212,0
end_of_record
TN:gcov_test
SF:/mnt/c/Users/19383035/Desktop/REPOs/s21_math/src/test_s21math.c
FN:21,ASSERT
FNDA:1228,ASSERT
FN:31,assert_args
FNDA:2,assert_args
FN:39,s21_ceil_f_fn
FNDA:1,s21_ceil_f_fn
FN:45,s21_floor_f_fn
FNDA:1,s21_floor_f_fn
FN:51,assert_trigonometry
FNDA:3,assert_trigonometry
FN:62,assert_trigonometry_arc
FNDA:3,assert_trigonometry_arc
FN:70,s21_tan_f_fn
FNDA:1,s21_tan_f_fn
FN:75,s21_cos_f_fn
FNDA:1,s21_cos_f_fn
FN:80,s21_sin_f_fn
FNDA:1,s21_sin_f_fn
FN:85,s21_atan_f_fn
FNDA:1,s21_atan_f_fn
FN:90,s21_acos_f_fn
FNDA:1,s21_acos_f_fn
FN:95,s21_asin_f_fn
FNDA:1,s21_asin_f_fn
FN:100,s21_fmod_f_fn
FNDA:1,s21_fmod_f_fn
FN:107,s21_exp_f_fn
FNDA:1,s21_exp_f_fn
FN:119,s21_log_f_fn
FNDA:1,s21_log_f_fn
FN:131,s21_sqrt_f_fn
FNDA:0,s21_sqrt_f_fn
FN:145,s21_fabs_f_fn
FNDA:0,s21_fabs_f_fn
FN:152,s21_abs_f_fn
FNDA:1,s21_abs_f_fn
FN:164,s21_pow_f_fn
FNDA:0,s21_pow_f_fn
FN:176,lib_suite
FNDA:13,lib_suite
FN:260,main
FNDA:13,main
DA:21,1228
DA:22,1228
DA:23,1228
DA:24,1228
DA:25,1228
DA:26,1228
DA:31,2
DA:34,12
DA:35,10
DA:37,2
DA:39,1
DA:40,1
DA:41,1
DA:42,1
DA:45,1
DA:46,1
DA:47,1
DA:48,1
DA:51,3
DA:54,303
DA:55,300
DA:57,6
DA:58,3
DA:60,3
DA:62,3
DA:65,603
DA:66,600
DA:68,3
DA:70,1
DA:71,1
DA:72,1
DA:75,1
DA:76,1
DA:77,1
DA:80,1
DA:81,1
DA:82,1
DA:85,1
DA:86,1
DA:87,1
DA:90,1
DA:91,1
DA:92,1
DA:95,1
DA:96,1
DA:97,1
DA:100,1
DA:101,1
DA:102,1
DA:103,1
DA:104,1
DA:107,1
DA:108,1
DA:109,1
DA:110,1
DA:113,21
DA:114,20
DA:116,1
DA:119,1
DA:120,1
DA:121,1
DA:122,101
DA:123,100
DA:125,191
DA:126,190
DA:128,1
DA:131,0
DA:132,0
DA:134,0
DA:136,0
DA:137,0
DA:139,0
DA:140,0
DA:142,0
DA:145,0
DA:146,0
DA:148,0
DA:149,0
DA:152,1
DA:153,1
DA:154,6
DA:155,5
DA:157,1
DA:164,0
DA:165,0
DA:166,0
DA:167,0
DA:168,0
DA:169,0
DA:170,0
DA:171,0
DA:172,0
DA:173,0
DA:176,13
DA:178,13
DA:197,13
DA:198,13
DA:199,13
DA:201,13
DA:202,13
DA:203,13
DA:205,13
DA:206,13
DA:207,13
DA:209,13
DA:210,13
DA:211,13
DA:213,13
DA:214,13
DA:215,13
DA:217,13
DA:218,13
DA:219,13
DA:221,13
DA:222,13
DA:223,13
DA:225,13
DA:226,13
DA:227,13
DA:229,13
DA:230,13
DA:231,13
DA:233,13
DA:234,13
DA:235,13
DA:237,13
DA:238,13
DA:239,13
DA:241,13
DA:242,13
DA:243,13
DA:245,13
DA:246,13
DA:247,13
DA:249,13
DA:250,13
DA:251,13
DA:253,13
DA:254,13
DA:255,13
DA:257,13
DA:260,13
DA:264,13
DA:265,13
DA:266,13
DA:267,1
DA:268,1
end_of_record
